2026-05-11 21:57:40,176 - aqt.main - INFO - installer 3368 aqtinstall(aqt) v3.3.0 on Python 3.11.9 [CPython MSC v.1938 64 bit (AMD64)]
2026-05-11 21:57:40,177 - aqt.helper - DEBUG - helper 3368 Attempt to download checksum at https://download.qt.io/online/qtsdkrepository/windows_x86/desktop/qt6_673/Updates.xml.sha256
2026-05-11 21:57:42,089 - aqt.helper - DEBUG - helper 19384 Attempt to download checksum at https://download.qt.io/online/qtsdkrepository/windows_x86/desktop/qt6_673/qt.qt6.673.win64_msvc2019_64/6.7.3-0-202409200836qtbase-Windows-Windows_10_22H2-MSVC2019-Windows-Windows_10_22H2-X86_64.7z.sha256
2026-05-11 21:57:42,097 - aqt.helper - DEBUG - helper 20104 Attempt to download checksum at https://download.qt.io/online/qtsdkrepository/windows_x86/desktop/qt6_673/qt.qt6.673.win64_msvc2019_64/6.7.3-0-202409200836qtsvg-Windows-Windows_10_22H2-MSVC2019-Windows-Windows_10_22H2-X86_64.7z.sha256
2026-05-11 21:57:42,134 - aqt.helper - DEBUG - helper 4796 Attempt to download checksum at https://download.qt.io/online/qtsdkrepository/windows_x86/desktop/qt6_673/qt.qt6.673.win64_msvc2019_64/6.7.3-0-202409200836qtdeclarative-Windows-Windows_10_22H2-MSVC2019-Windows-Windows_10_22H2-X86_64.7z.sha256
2026-05-11 21:57:42,165 - aqt.helper - DEBUG - helper 9936 Attempt to download checksum at https://download.qt.io/online/qtsdkrepository/windows_x86/desktop/qt6_673/qt.qt6.673.win64_msvc2019_64/6.7.3-0-202409200836qttools-Windows-Windows_10_22H2-MSVC2019-Windows-Windows_10_22H2-X86_64.7z.sha256
2026-05-11 21:57:42,754 - aqt.helper - INFO - helper 19384 Downloading qtbase...
2026-05-11 21:57:42,755 - aqt.installer - DEBUG - installer 19384 Download URL: https://download.qt.io/online/qtsdkrepository/windows_x86/desktop/qt6_673/qt.qt6.673.win64_msvc2019_64/6.7.3-0-202409200836qtbase-Windows-Windows_10_22H2-MSVC2019-Windows-Windows_10_22H2-X86_64.7z
2026-05-11 21:57:42,782 - aqt.helper - INFO - helper 20104 Downloading qtsvg...
2026-05-11 21:57:42,782 - aqt.installer - DEBUG - installer 20104 Download URL: https://download.qt.io/online/qtsdkrepository/windows_x86/desktop/qt6_673/qt.qt6.673.win64_msvc2019_64/6.7.3-0-202409200836qtsvg-Windows-Windows_10_22H2-MSVC2019-Windows-Windows_10_22H2-X86_64.7z
2026-05-11 21:57:42,822 - aqt.helper - INFO - helper 4796 Downloading qtdeclarative...
2026-05-11 21:57:42,822 - aqt.installer - DEBUG - installer 4796 Download URL: https://download.qt.io/online/qtsdkrepository/windows_x86/desktop/qt6_673/qt.qt6.673.win64_msvc2019_64/6.7.3-0-202409200836qtdeclarative-Windows-Windows_10_22H2-MSVC2019-Windows-Windows_10_22H2-X86_64.7z
2026-05-11 21:57:42,845 - aqt.helper - INFO - helper 9936 Downloading qttools...
2026-05-11 21:57:42,846 - aqt.installer - DEBUG - installer 9936 Download URL: https://download.qt.io/online/qtsdkrepository/windows_x86/desktop/qt6_673/qt.qt6.673.win64_msvc2019_64/6.7.3-0-202409200836qttools-Windows-Windows_10_22H2-MSVC2019-Windows-Windows_10_22H2-X86_64.7z
2026-05-11 21:57:43,382 - aqt.helper - DEBUG - helper 19384 Asked to redirect(302) to: https://mirror.accum.se/mirror/qt.io/qtproject/online/qtsdkrepository/windows_x86/desktop/qt6_673/qt.qt6.673.win64_msvc2019_64/6.7.3-0-202409200836qtbase-Windows-Windows_10_22H2-MSVC2019-Windows-Windows_10_22H2-X86_64.7z
2026-05-11 21:57:43,382 - aqt.helper - INFO - helper 19384 Redirected: mirror.accum.se
2026-05-11 21:57:43,416 - aqt.helper - DEBUG - helper 20104 Asked to redirect(302) to: https://mirror.accum.se/mirror/qt.io/qtproject/online/qtsdkrepository/windows_x86/desktop/qt6_673/qt.qt6.673.win64_msvc2019_64/6.7.3-0-202409200836qtsvg-Windows-Windows_10_22H2-MSVC2019-Windows-Windows_10_22H2-X86_64.7z
2026-05-11 21:57:43,416 - aqt.helper - INFO - helper 20104 Redirected: mirror.accum.se
2026-05-11 21:57:43,439 - aqt.helper - DEBUG - helper 4796 Asked to redirect(302) to: https://mirror.accum.se/mirror/qt.io/qtproject/online/qtsdkrepository/windows_x86/desktop/qt6_673/qt.qt6.673.win64_msvc2019_64/6.7.3-0-202409200836qtdeclarative-Windows-Windows_10_22H2-MSVC2019-Windows-Windows_10_22H2-X86_64.7z
2026-05-11 21:57:43,440 - aqt.helper - INFO - helper 4796 Redirected: mirror.accum.se
2026-05-11 21:57:43,475 - aqt.helper - DEBUG - helper 9936 Asked to redirect(302) to: https://mirror.accum.se/mirror/qt.io/qtproject/online/qtsdkrepository/windows_x86/desktop/qt6_673/qt.qt6.673.win64_msvc2019_64/6.7.3-0-202409200836qttools-Windows-Windows_10_22H2-MSVC2019-Windows-Windows_10_22H2-X86_64.7z
2026-05-11 21:57:43,475 - aqt.helper - INFO - helper 9936 Redirected: mirror.accum.se
2026-05-11 21:57:45,098 - aqt.installer - INFO - installer 20104 Finished installation of qtsvg-Windows-Windows_10_22H2-MSVC2019-Windows-Windows_10_22H2-X86_64.7z in 3.00439060
2026-05-11 21:57:45,117 - aqt.helper - DEBUG - helper 20104 Attempt to download checksum at https://download.qt.io/online/qtsdkrepository/windows_x86/desktop/qt6_673/qt.qt6.673.win64_msvc2019_64/6.7.3-0-202409200836qttranslations-Windows-Windows_10_22H2-MSVC2019-Windows-Windows_10_22H2-X86_64.7z.sha256
2026-05-11 21:57:45,636 - aqt.helper - INFO - helper 20104 Downloading qttranslations...
2026-05-11 21:57:45,636 - aqt.installer - DEBUG - installer 20104 Download URL: https://download.qt.io/online/qtsdkrepository/windows_x86/desktop/qt6_673/qt.qt6.673.win64_msvc2019_64/6.7.3-0-202409200836qttranslations-Windows-Windows_10_22H2-MSVC2019-Windows-Windows_10_22H2-X86_64.7z
2026-05-11 21:57:46,166 - aqt.helper - DEBUG - helper 20104 Asked to redirect(302) to: https://mirror.accum.se/mirror/qt.io/qtproject/online/qtsdkrepository/windows_x86/desktop/qt6_673/qt.qt6.673.win64_msvc2019_64/6.7.3-0-202409200836qttranslations-Windows-Windows_10_22H2-MSVC2019-Windows-Windows_10_22H2-X86_64.7z
2026-05-11 21:57:46,166 - aqt.helper - INFO - helper 20104 Redirected: mirror.accum.se
2026-05-11 21:57:48,361 - aqt.installer - INFO - installer 20104 Finished installation of qttranslations-Windows-Windows_10_22H2-MSVC2019-Windows-Windows_10_22H2-X86_64.7z in 3.24642040
2026-05-11 21:57:48,386 - aqt.helper - DEBUG - helper 20104 Attempt to download checksum at https://download.qt.io/online/qtsdkrepository/windows_x86/desktop/qt6_673/qt.qt6.673.win64_msvc2019_64/6.7.3-0-202409200836d3dcompiler_47-x64.7z.sha256
2026-05-11 21:57:48,932 - aqt.helper - INFO - helper 20104 Downloading d3dcompiler_47...
2026-05-11 21:57:48,932 - aqt.installer - DEBUG - installer 20104 Download URL: https://download.qt.io/online/qtsdkrepository/windows_x86/desktop/qt6_673/qt.qt6.673.win64_msvc2019_64/6.7.3-0-202409200836d3dcompiler_47-x64.7z
2026-05-11 21:57:49,438 - aqt.helper - DEBUG - helper 20104 Asked to redirect(302) to: https://mirror.accum.se/mirror/qt.io/qtproject/online/qtsdkrepository/windows_x86/desktop/qt6_673/qt.qt6.673.win64_msvc2019_64/6.7.3-0-202409200836d3dcompiler_47-x64.7z
2026-05-11 21:57:49,438 - aqt.helper - INFO - helper 20104 Redirected: mirror.accum.se
2026-05-11 21:57:50,416 - aqt.installer - INFO - installer 20104 Finished installation of d3dcompiler_47-x64.7z in 2.03501570
2026-05-11 21:57:50,436 - aqt.helper - DEBUG - helper 20104 Attempt to download checksum at https://download.qt.io/online/qtsdkrepository/windows_x86/desktop/qt6_673/qt.qt6.673.win64_msvc2019_64/6.7.3-0-202409200836opengl32sw-64-mesa_11_2_2-signed_sha256.7z.sha256
2026-05-11 21:57:51,029 - aqt.helper - INFO - helper 20104 Downloading opengl32sw...
2026-05-11 21:57:51,029 - aqt.installer - DEBUG - installer 20104 Download URL: https://download.qt.io/online/qtsdkrepository/windows_x86/desktop/qt6_673/qt.qt6.673.win64_msvc2019_64/6.7.3-0-202409200836opengl32sw-64-mesa_11_2_2-signed_sha256.7z
2026-05-11 21:57:51,315 - aqt.installer - INFO - installer 9936 Finished installation of qttools-Windows-Windows_10_22H2-MSVC2019-Windows-Windows_10_22H2-X86_64.7z in 9.15134390
2026-05-11 21:57:51,590 - aqt.helper - DEBUG - helper 20104 Asked to redirect(302) to: https://mirror.accum.se/mirror/qt.io/qtproject/online/qtsdkrepository/windows_x86/desktop/qt6_673/qt.qt6.673.win64_msvc2019_64/6.7.3-0-202409200836opengl32sw-64-mesa_11_2_2-signed_sha256.7z
2026-05-11 21:57:51,591 - aqt.helper - INFO - helper 20104 Redirected: mirror.accum.se
2026-05-11 21:58:01,924 - aqt.installer - INFO - installer 20104 Finished installation of opengl32sw-64-mesa_11_2_2-signed_sha256.7z in 11.49034180
2026-05-11 21:58:07,348 - aqt.installer - INFO - installer 19384 Finished installation of qtbase-Windows-Windows_10_22H2-MSVC2019-Windows-Windows_10_22H2-X86_64.7z in 25.26215840
2026-05-11 21:58:21,039 - aqt.installer - INFO - installer 4796 Finished installation of qtdeclarative-Windows-Windows_10_22H2-MSVC2019-Windows-Windows_10_22H2-X86_64.7z in 38.90900330
2026-05-11 21:58:21,330 - aqt.updater - INFO - updater 3368 Patching C:\Qt\6.7.3\msvc2019_64\bin\qmake.exe
2026-05-11 21:58:21,335 - aqt.updater - INFO - updater 3368 Patching C:\Qt\6.7.3\msvc2019_64\lib\Qt6Concurrent.prl
2026-05-11 21:58:21,344 - aqt.updater - INFO - updater 3368 Patching C:\Qt\6.7.3\msvc2019_64\lib\Qt6Concurrentd.prl
2026-05-11 21:58:21,354 - aqt.updater - INFO - updater 3368 Patching C:\Qt\6.7.3\msvc2019_64\lib\Qt6Core.prl
2026-05-11 21:58:21,362 - aqt.updater - INFO - updater 3368 Patching C:\Qt\6.7.3\msvc2019_64\lib\Qt6Cored.prl
2026-05-11 21:58:21,372 - aqt.updater - INFO - updater 3368 Patching C:\Qt\6.7.3\msvc2019_64\lib\Qt6DBus.prl
2026-05-11 21:58:21,380 - aqt.updater - INFO - updater 3368 Patching C:\Qt\6.7.3\msvc2019_64\lib\Qt6DBusd.prl
2026-05-11 21:58:21,391 - aqt.updater - INFO - updater 3368 Patching C:\Qt\6.7.3\msvc2019_64\lib\Qt6Designer.prl
2026-05-11 21:58:21,403 - aqt.updater - INFO - updater 3368 Patching C:\Qt\6.7.3\msvc2019_64\lib\Qt6DesignerComponents.prl
2026-05-11 21:58:21,413 - aqt.updater - INFO - updater 3368 Patching C:\Qt\6.7.3\msvc2019_64\lib\Qt6DesignerComponentsd.prl
2026-05-11 21:58:21,420 - aqt.updater - INFO - updater 3368 Patching C:\Qt\6.7.3\msvc2019_64\lib\Qt6Designerd.prl
2026-05-11 21:58:21,430 - aqt.updater - INFO - updater 3368 Patching C:\Qt\6.7.3\msvc2019_64\lib\Qt6DeviceDiscoverySupport.prl
2026-05-11 21:58:21,437 - aqt.updater - INFO - updater 3368 Patching C:\Qt\6.7.3\msvc2019_64\lib\Qt6DeviceDiscoverySupportd.prl
2026-05-11 21:58:21,445 - aqt.updater - INFO - updater 3368 Patching C:\Qt\6.7.3\msvc2019_64\lib\Qt6EntryPoint.prl
2026-05-11 21:58:21,452 - aqt.updater - INFO - updater 3368 Patching C:\Qt\6.7.3\msvc2019_64\lib\Qt6EntryPointd.prl
2026-05-11 21:58:21,460 - aqt.updater - INFO - updater 3368 Patching C:\Qt\6.7.3\msvc2019_64\lib\Qt6ExampleIcons.prl
2026-05-11 21:58:21,469 - aqt.updater - INFO - updater 3368 Patching C:\Qt\6.7.3\msvc2019_64\lib\Qt6ExampleIconsd.prl
2026-05-11 21:58:21,478 - aqt.updater - INFO - updater 3368 Patching C:\Qt\6.7.3\msvc2019_64\lib\Qt6FbSupport.prl
2026-05-11 21:58:21,487 - aqt.updater - INFO - updater 3368 Patching C:\Qt\6.7.3\msvc2019_64\lib\Qt6FbSupportd.prl
2026-05-11 21:58:21,495 - aqt.updater - INFO - updater 3368 Patching C:\Qt\6.7.3\msvc2019_64\lib\Qt6Gui.prl
2026-05-11 21:58:21,502 - aqt.updater - INFO - updater 3368 Patching C:\Qt\6.7.3\msvc2019_64\lib\Qt6Guid.prl
2026-05-11 21:58:21,510 - aqt.updater - INFO - updater 3368 Patching C:\Qt\6.7.3\msvc2019_64\lib\Qt6Help.prl
2026-05-11 21:58:21,517 - aqt.updater - INFO - updater 3368 Patching C:\Qt\6.7.3\msvc2019_64\lib\Qt6Helpd.prl
2026-05-11 21:58:21,525 - aqt.updater - INFO - updater 3368 Patching C:\Qt\6.7.3\msvc2019_64\lib\Qt6LabsAnimation.prl
2026-05-11 21:58:21,533 - aqt.updater - INFO - updater 3368 Patching C:\Qt\6.7.3\msvc2019_64\lib\Qt6LabsAnimationd.prl
2026-05-11 21:58:21,540 - aqt.updater - INFO - updater 3368 Patching C:\Qt\6.7.3\msvc2019_64\lib\Qt6LabsFolderListModel.prl
2026-05-11 21:58:21,552 - aqt.updater - INFO - updater 3368 Patching C:\Qt\6.7.3\msvc2019_64\lib\Qt6LabsFolderListModeld.prl
2026-05-11 21:58:21,560 - aqt.updater - INFO - updater 3368 Patching C:\Qt\6.7.3\msvc2019_64\lib\Qt6LabsQmlModels.prl
2026-05-11 21:58:21,570 - aqt.updater - INFO - updater 3368 Patching C:\Qt\6.7.3\msvc2019_64\lib\Qt6LabsQmlModelsd.prl
2026-05-11 21:58:21,577 - aqt.updater - INFO - updater 3368 Patching C:\Qt\6.7.3\msvc2019_64\lib\Qt6LabsSettings.prl
2026-05-11 21:58:21,586 - aqt.updater - INFO - updater 3368 Patching C:\Qt\6.7.3\msvc2019_64\lib\Qt6LabsSettingsd.prl
2026-05-11 21:58:21,595 - aqt.updater - INFO - updater 3368 Patching C:\Qt\6.7.3\msvc2019_64\lib\Qt6LabsSharedImage.prl
2026-05-11 21:58:21,607 - aqt.updater - INFO - updater 3368 Patching C:\Qt\6.7.3\msvc2019_64\lib\Qt6LabsSharedImaged.prl
2026-05-11 21:58:21,614 - aqt.updater - INFO - updater 3368 Patching C:\Qt\6.7.3\msvc2019_64\lib\Qt6LabsWavefrontMesh.prl
2026-05-11 21:58:21,626 - aqt.updater - INFO - updater 3368 Patching C:\Qt\6.7.3\msvc2019_64\lib\Qt6LabsWavefrontMeshd.prl
2026-05-11 21:58:21,637 - aqt.updater - INFO - updater 3368 Patching C:\Qt\6.7.3\msvc2019_64\lib\Qt6Network.prl
2026-05-11 21:58:21,649 - aqt.updater - INFO - updater 3368 Patching C:\Qt\6.7.3\msvc2019_64\lib\Qt6Networkd.prl
2026-05-11 21:58:21,664 - aqt.updater - INFO - updater 3368 Patching C:\Qt\6.7.3\msvc2019_64\lib\Qt6OpenGL.prl
2026-05-11 21:58:21,680 - aqt.updater - INFO - updater 3368 Patching C:\Qt\6.7.3\msvc2019_64\lib\Qt6OpenGLd.prl
2026-05-11 21:58:21,690 - aqt.updater - INFO - updater 3368 Patching C:\Qt\6.7.3\msvc2019_64\lib\Qt6OpenGLWidgets.prl
2026-05-11 21:58:21,700 - aqt.updater - INFO - updater 3368 Patching C:\Qt\6.7.3\msvc2019_64\lib\Qt6OpenGLWidgetsd.prl
2026-05-11 21:58:21,722 - aqt.updater - INFO - updater 3368 Patching C:\Qt\6.7.3\msvc2019_64\lib\Qt6PacketProtocol.prl
2026-05-11 21:58:21,733 - aqt.updater - INFO - updater 3368 Patching C:\Qt\6.7.3\msvc2019_64\lib\Qt6PacketProtocold.prl
2026-05-11 21:58:21,746 - aqt.updater - INFO - updater 3368 Patching C:\Qt\6.7.3\msvc2019_64\lib\Qt6PrintSupport.prl
2026-05-11 21:58:21,759 - aqt.updater - INFO - updater 3368 Patching C:\Qt\6.7.3\msvc2019_64\lib\Qt6PrintSupportd.prl
2026-05-11 21:58:21,775 - aqt.updater - INFO - updater 3368 Patching C:\Qt\6.7.3\msvc2019_64\lib\Qt6Qml.prl
2026-05-11 21:58:21,797 - aqt.updater - INFO - updater 3368 Patching C:\Qt\6.7.3\msvc2019_64\lib\Qt6QmlBuiltins.prl
2026-05-11 21:58:21,816 - aqt.updater - INFO - updater 3368 Patching C:\Qt\6.7.3\msvc2019_64\lib\Qt6QmlBuiltinsd.prl
2026-05-11 21:58:21,834 - aqt.updater - INFO - updater 3368 Patching C:\Qt\6.7.3\msvc2019_64\lib\Qt6QmlCompiler.prl
2026-05-11 21:58:21,857 - aqt.updater - INFO - updater 3368 Patching C:\Qt\6.7.3\msvc2019_64\lib\Qt6QmlCompilerd.prl
2026-05-11 21:58:21,872 - aqt.updater - INFO - updater 3368 Patching C:\Qt\6.7.3\msvc2019_64\lib\Qt6QmlCore.prl
2026-05-11 21:58:21,900 - aqt.updater - INFO - updater 3368 Patching C:\Qt\6.7.3\msvc2019_64\lib\Qt6QmlCored.prl
2026-05-11 21:58:21,933 - aqt.updater - INFO - updater 3368 Patching C:\Qt\6.7.3\msvc2019_64\lib\Qt6Qmld.prl
2026-05-11 21:58:21,962 - aqt.updater - INFO - updater 3368 Patching C:\Qt\6.7.3\msvc2019_64\lib\Qt6QmlDebug.prl
2026-05-11 21:58:21,996 - aqt.updater - INFO - updater 3368 Patching C:\Qt\6.7.3\msvc2019_64\lib\Qt6QmlDebugd.prl
2026-05-11 21:58:22,028 - aqt.updater - INFO - updater 3368 Patching C:\Qt\6.7.3\msvc2019_64\lib\Qt6QmlDom.prl
2026-05-11 21:58:22,056 - aqt.updater - INFO - updater 3368 Patching C:\Qt\6.7.3\msvc2019_64\lib\Qt6QmlDomd.prl
2026-05-11 21:58:22,084 - aqt.updater - INFO - updater 3368 Patching C:\Qt\6.7.3\msvc2019_64\lib\Qt6QmlLocalStorage.prl
2026-05-11 21:58:22,106 - aqt.updater - INFO - updater 3368 Patching C:\Qt\6.7.3\msvc2019_64\lib\Qt6QmlLocalStoraged.prl
2026-05-11 21:58:22,131 - aqt.updater - INFO - updater 3368 Patching C:\Qt\6.7.3\msvc2019_64\lib\Qt6QmlLS.prl
2026-05-11 21:58:22,188 - aqt.updater - INFO - updater 3368 Patching C:\Qt\6.7.3\msvc2019_64\lib\Qt6QmlLSd.prl
2026-05-11 21:58:22,257 - aqt.updater - INFO - updater 3368 Patching C:\Qt\6.7.3\msvc2019_64\lib\Qt6QmlModels.prl
2026-05-11 21:58:22,307 - aqt.updater - INFO - updater 3368 Patching C:\Qt\6.7.3\msvc2019_64\lib\Qt6QmlModelsd.prl
2026-05-11 21:58:22,347 - aqt.updater - INFO - updater 3368 Patching C:\Qt\6.7.3\msvc2019_64\lib\Qt6QmlNetwork.prl
2026-05-11 21:58:22,504 - aqt.updater - INFO - updater 3368 Patching C:\Qt\6.7.3\msvc2019_64\lib\Qt6QmlNetworkd.prl
2026-05-11 21:58:22,567 - aqt.updater - INFO - updater 3368 Patching C:\Qt\6.7.3\msvc2019_64\lib\Qt6QmlToolingSettings.prl
2026-05-11 21:58:22,614 - aqt.updater - INFO - updater 3368 Patching C:\Qt\6.7.3\msvc2019_64\lib\Qt6QmlToolingSettingsd.prl
2026-05-11 21:58:22,644 - aqt.updater - INFO - updater 3368 Patching C:\Qt\6.7.3\msvc2019_64\lib\Qt6QmlTypeRegistrar.prl
2026-05-11 21:58:22,738 - aqt.updater - INFO - updater 3368 Patching C:\Qt\6.7.3\msvc2019_64\lib\Qt6QmlTypeRegistrard.prl
2026-05-11 21:58:22,807 - aqt.updater - INFO - updater 3368 Patching C:\Qt\6.7.3\msvc2019_64\lib\Qt6QmlWorkerScript.prl
2026-05-11 21:58:22,957 - aqt.updater - INFO - updater 3368 Patching C:\Qt\6.7.3\msvc2019_64\lib\Qt6QmlWorkerScriptd.prl
2026-05-11 21:58:22,974 - aqt.updater - INFO - updater 3368 Patching C:\Qt\6.7.3\msvc2019_64\lib\Qt6QmlXmlListModel.prl
2026-05-11 21:58:23,362 - aqt.updater - INFO - updater 3368 Patching C:\Qt\6.7.3\msvc2019_64\lib\Qt6QmlXmlListModeld.prl
2026-05-11 21:58:23,379 - aqt.updater - INFO - updater 3368 Patching C:\Qt\6.7.3\msvc2019_64\lib\Qt6Quick.prl
2026-05-11 21:58:23,410 - aqt.updater - INFO - updater 3368 Patching C:\Qt\6.7.3\msvc2019_64\lib\Qt6QuickControls2.prl
2026-05-11 21:58:23,449 - aqt.updater - INFO - updater 3368 Patching C:\Qt\6.7.3\msvc2019_64\lib\Qt6QuickControls2Basic.prl
2026-05-11 21:58:23,498 - aqt.updater - INFO - updater 3368 Patching C:\Qt\6.7.3\msvc2019_64\lib\Qt6QuickControls2Basicd.prl
2026-05-11 21:58:23,795 - aqt.updater - INFO - updater 3368 Patching C:\Qt\6.7.3\msvc2019_64\lib\Qt6QuickControls2BasicStyleImpl.prl
2026-05-11 21:58:23,806 - aqt.updater - INFO - updater 3368 Patching C:\Qt\6.7.3\msvc2019_64\lib\Qt6QuickControls2BasicStyleImpld.prl
2026-05-11 21:58:23,819 - aqt.updater - INFO - updater 3368 Patching C:\Qt\6.7.3\msvc2019_64\lib\Qt6QuickControls2d.prl
2026-05-11 21:58:23,932 - aqt.updater - INFO - updater 3368 Patching C:\Qt\6.7.3\msvc2019_64\lib\Qt6QuickControls2Fusion.prl
2026-05-11 21:58:24,077 - aqt.updater - INFO - updater 3368 Patching C:\Qt\6.7.3\msvc2019_64\lib\Qt6QuickControls2Fusiond.prl
2026-05-11 21:58:24,093 - aqt.updater - INFO - updater 3368 Patching C:\Qt\6.7.3\msvc2019_64\lib\Qt6QuickControls2FusionStyleImpl.prl
2026-05-11 21:58:24,109 - aqt.updater - INFO - updater 3368 Patching C:\Qt\6.7.3\msvc2019_64\lib\Qt6QuickControls2FusionStyleImpld.prl
2026-05-11 21:58:24,142 - aqt.updater - INFO - updater 3368 Patching C:\Qt\6.7.3\msvc2019_64\lib\Qt6QuickControls2Imagine.prl
2026-05-11 21:58:24,167 - aqt.updater - INFO - updater 3368 Patching C:\Qt\6.7.3\msvc2019_64\lib\Qt6QuickControls2Imagined.prl
2026-05-11 21:58:24,243 - aqt.updater - INFO - updater 3368 Patching C:\Qt\6.7.3\msvc2019_64\lib\Qt6QuickControls2ImagineStyleImpl.prl
2026-05-11 21:58:24,263 - aqt.updater - INFO - updater 3368 Patching C:\Qt\6.7.3\msvc2019_64\lib\Qt6QuickControls2ImagineStyleImpld.prl
2026-05-11 21:58:24,341 - aqt.updater - INFO - updater 3368 Patching C:\Qt\6.7.3\msvc2019_64\lib\Qt6QuickControls2Impl.prl
2026-05-11 21:58:24,358 - aqt.updater - INFO - updater 3368 Patching C:\Qt\6.7.3\msvc2019_64\lib\Qt6QuickControls2Impld.prl
2026-05-11 21:58:24,370 - aqt.updater - INFO - updater 3368 Patching C:\Qt\6.7.3\msvc2019_64\lib\Qt6QuickControls2Material.prl
2026-05-11 21:58:24,384 - aqt.updater - INFO - updater 3368 Patching C:\Qt\6.7.3\msvc2019_64\lib\Qt6QuickControls2Materiald.prl
2026-05-11 21:58:24,398 - aqt.updater - INFO - updater 3368 Patching C:\Qt\6.7.3\msvc2019_64\lib\Qt6QuickControls2MaterialStyleImpl.prl
2026-05-11 21:58:24,412 - aqt.updater - INFO - updater 3368 Patching C:\Qt\6.7.3\msvc2019_64\lib\Qt6QuickControls2MaterialStyleImpld.prl
2026-05-11 21:58:24,424 - aqt.updater - INFO - updater 3368 Patching C:\Qt\6.7.3\msvc2019_64\lib\Qt6QuickControls2Universal.prl
2026-05-11 21:58:24,436 - aqt.updater - INFO - updater 3368 Patching C:\Qt\6.7.3\msvc2019_64\lib\Qt6QuickControls2Universald.prl
2026-05-11 21:58:24,447 - aqt.updater - INFO - updater 3368 Patching C:\Qt\6.7.3\msvc2019_64\lib\Qt6QuickControls2UniversalStyleImpl.prl
2026-05-11 21:58:24,459 - aqt.updater - INFO - updater 3368 Patching C:\Qt\6.7.3\msvc2019_64\lib\Qt6QuickControls2UniversalStyleImpld.prl
2026-05-11 21:58:24,468 - aqt.updater - INFO - updater 3368 Patching C:\Qt\6.7.3\msvc2019_64\lib\Qt6QuickControls2WindowsStyleImpl.prl
2026-05-11 21:58:24,481 - aqt.updater - INFO - updater 3368 Patching C:\Qt\6.7.3\msvc2019_64\lib\Qt6QuickControls2WindowsStyleImpld.prl
2026-05-11 21:58:24,492 - aqt.updater - INFO - updater 3368 Patching C:\Qt\6.7.3\msvc2019_64\lib\Qt6QuickControlsTestUtils.prl
2026-05-11 21:58:24,503 - aqt.updater - INFO - updater 3368 Patching C:\Qt\6.7.3\msvc2019_64\lib\Qt6QuickControlsTestUtilsd.prl
2026-05-11 21:58:24,514 - aqt.updater - INFO - updater 3368 Patching C:\Qt\6.7.3\msvc2019_64\lib\Qt6Quickd.prl
2026-05-11 21:58:24,525 - aqt.updater - INFO - updater 3368 Patching C:\Qt\6.7.3\msvc2019_64\lib\Qt6QuickDialogs2.prl
2026-05-11 21:58:24,535 - aqt.updater - INFO - updater 3368 Patching C:\Qt\6.7.3\msvc2019_64\lib\Qt6QuickDialogs2d.prl
2026-05-11 21:58:24,544 - aqt.updater - INFO - updater 3368 Patching C:\Qt\6.7.3\msvc2019_64\lib\Qt6QuickDialogs2QuickImpl.prl
2026-05-11 21:58:24,556 - aqt.updater - INFO - updater 3368 Patching C:\Qt\6.7.3\msvc2019_64\lib\Qt6QuickDialogs2QuickImpld.prl
2026-05-11 21:58:24,567 - aqt.updater - INFO - updater 3368 Patching C:\Qt\6.7.3\msvc2019_64\lib\Qt6QuickDialogs2Utils.prl
2026-05-11 21:58:24,578 - aqt.updater - INFO - updater 3368 Patching C:\Qt\6.7.3\msvc2019_64\lib\Qt6QuickDialogs2Utilsd.prl
2026-05-11 21:58:24,590 - aqt.updater - INFO - updater 3368 Patching C:\Qt\6.7.3\msvc2019_64\lib\Qt6QuickEffects.prl
2026-05-11 21:58:24,598 - aqt.updater - INFO - updater 3368 Patching C:\Qt\6.7.3\msvc2019_64\lib\Qt6QuickEffectsd.prl
2026-05-11 21:58:24,607 - aqt.updater - INFO - updater 3368 Patching C:\Qt\6.7.3\msvc2019_64\lib\Qt6QuickLayouts.prl
2026-05-11 21:58:24,617 - aqt.updater - INFO - updater 3368 Patching C:\Qt\6.7.3\msvc2019_64\lib\Qt6QuickLayoutsd.prl
2026-05-11 21:58:24,628 - aqt.updater - INFO - updater 3368 Patching C:\Qt\6.7.3\msvc2019_64\lib\Qt6QuickParticles.prl
2026-05-11 21:58:24,637 - aqt.updater - INFO - updater 3368 Patching C:\Qt\6.7.3\msvc2019_64\lib\Qt6QuickParticlesd.prl
2026-05-11 21:58:24,648 - aqt.updater - INFO - updater 3368 Patching C:\Qt\6.7.3\msvc2019_64\lib\Qt6QuickShapes.prl
2026-05-11 21:58:24,657 - aqt.updater - INFO - updater 3368 Patching C:\Qt\6.7.3\msvc2019_64\lib\Qt6QuickShapesd.prl
2026-05-11 21:58:24,667 - aqt.updater - INFO - updater 3368 Patching C:\Qt\6.7.3\msvc2019_64\lib\Qt6QuickTemplates2.prl
2026-05-11 21:58:24,677 - aqt.updater - INFO - updater 3368 Patching C:\Qt\6.7.3\msvc2019_64\lib\Qt6QuickTemplates2d.prl
2026-05-11 21:58:24,685 - aqt.updater - INFO - updater 3368 Patching C:\Qt\6.7.3\msvc2019_64\lib\Qt6QuickTest.prl
2026-05-11 21:58:24,694 - aqt.updater - INFO - updater 3368 Patching C:\Qt\6.7.3\msvc2019_64\lib\Qt6QuickTestd.prl
2026-05-11 21:58:24,702 - aqt.updater - INFO - updater 3368 Patching C:\Qt\6.7.3\msvc2019_64\lib\Qt6QuickTestUtils.prl
2026-05-11 21:58:24,710 - aqt.updater - INFO - updater 3368 Patching C:\Qt\6.7.3\msvc2019_64\lib\Qt6QuickTestUtilsd.prl
2026-05-11 21:58:24,721 - aqt.updater - INFO - updater 3368 Patching C:\Qt\6.7.3\msvc2019_64\lib\Qt6QuickWidgets.prl
2026-05-11 21:58:24,732 - aqt.updater - INFO - updater 3368 Patching C:\Qt\6.7.3\msvc2019_64\lib\Qt6QuickWidgetsd.prl
2026-05-11 21:58:24,740 - aqt.updater - INFO - updater 3368 Patching C:\Qt\6.7.3\msvc2019_64\lib\Qt6Sql.prl
2026-05-11 21:58:24,747 - aqt.updater - INFO - updater 3368 Patching C:\Qt\6.7.3\msvc2019_64\lib\Qt6Sqld.prl
2026-05-11 21:58:24,756 - aqt.updater - INFO - updater 3368 Patching C:\Qt\6.7.3\msvc2019_64\lib\Qt6Svg.prl
2026-05-11 21:58:24,765 - aqt.updater - INFO - updater 3368 Patching C:\Qt\6.7.3\msvc2019_64\lib\Qt6Svgd.prl
2026-05-11 21:58:24,774 - aqt.updater - INFO - updater 3368 Patching C:\Qt\6.7.3\msvc2019_64\lib\Qt6SvgWidgets.prl
2026-05-11 21:58:24,784 - aqt.updater - INFO - updater 3368 Patching C:\Qt\6.7.3\msvc2019_64\lib\Qt6SvgWidgetsd.prl
2026-05-11 21:58:24,794 - aqt.updater - INFO - updater 3368 Patching C:\Qt\6.7.3\msvc2019_64\lib\Qt6Test.prl
2026-05-11 21:58:24,804 - aqt.updater - INFO - updater 3368 Patching C:\Qt\6.7.3\msvc2019_64\lib\Qt6Testd.prl
2026-05-11 21:58:24,814 - aqt.updater - INFO - updater 3368 Patching C:\Qt\6.7.3\msvc2019_64\lib\Qt6UiTools.prl
2026-05-11 21:58:24,822 - aqt.updater - INFO - updater 3368 Patching C:\Qt\6.7.3\msvc2019_64\lib\Qt6UiToolsd.prl
2026-05-11 21:58:24,830 - aqt.updater - INFO - updater 3368 Patching C:\Qt\6.7.3\msvc2019_64\lib\Qt6Widgets.prl
2026-05-11 21:58:24,838 - aqt.updater - INFO - updater 3368 Patching C:\Qt\6.7.3\msvc2019_64\lib\Qt6Widgetsd.prl
2026-05-11 21:58:24,847 - aqt.updater - INFO - updater 3368 Patching C:\Qt\6.7.3\msvc2019_64\lib\Qt6Xml.prl
2026-05-11 21:58:24,859 - aqt.updater - INFO - updater 3368 Patching C:\Qt\6.7.3\msvc2019_64\lib\Qt6Xmld.prl
2026-05-11 21:58:24,871 - aqt.main - INFO - installer 3368 Finished installation
2026-05-11 21:58:24,871 - aqt.main - INFO - installer 3368 Time elapsed: 44.69508870 second
